<?xml version="1.0" encoding="UTF-8"?>
<!-- Generated by org.testng.reporters.JUnitReportReporter -->
<testsuite name="org.testing.TestScripts.TC04_Put_TestCase" tests="1" time="51.359" ignored="0" failures="0" timestamp="08 Jan 2021 21:40:23 GMT" skipped="0" hostname="Durjan" errors="0">
  <testcase name="testCase4" time="51.359" classname="org.testing.TestScripts.TC04_Put_TestCase"/>
</testsuite> <!-- org.testing.TestScripts.TC04_Put_TestCase -->
