<?xml version="1.0" encoding="UTF-8"?>
<!-- Generated by org.testng.reporters.JUnitReportReporter -->
<testsuite name="org.testing.TestScripts.TC02_Get_AllData_TestCase" tests="1" time="0.482" ignored="3" failures="0" timestamp="10 Jan 2021 08:24:32 GMT" skipped="0" hostname="Durjan" errors="0">
  <testcase name="testCase2" time="0.482" classname="org.testing.TestScripts.TC02_Get_AllData_TestCase"/>
  <testcase name="testCase3" classname="org.testing.TestScripts.TC03_Get_WithEndpoints_TestCase">
    <skipped/>
  </testcase> <!-- testCase3 -->
  <testcase name="testCase4" classname="org.testing.TestScripts.TC04_Put_TestCase">
    <skipped/>
  </testcase> <!-- testCase4 -->
  <testcase name="testCase5" classname="org.testing.TestScripts.TC05_Patch_TestCase">
    <skipped/>
  </testcase> <!-- testCase5 -->
</testsuite> <!-- org.testing.TestScripts.TC02_Get_AllData_TestCase -->
