<?xml version="1.0" encoding="UTF-8"?>
<!-- Generated by org.testng.reporters.JUnitReportReporter -->
<testsuite name="org.testing.TestScripts.TC01_Post_TestCase" tests="1" time="14.575" ignored="0" failures="0" timestamp="26 Jul 2021 12:36:37 GMT" skipped="0" hostname="Durjan" errors="0">
  <testcase name="testCase1" time="14.575" classname="org.testing.TestScripts.TC01_Post_TestCase"/>
</testsuite> <!-- org.testing.TestScripts.TC01_Post_TestCase -->
