<?xml version="1.0" encoding="UTF-8"?>
<!-- Generated by org.testng.reporters.JUnitReportReporter -->
<testsuite name="org.testing.TestScripts.TC05_Patch_TestCase" tests="1" time="0.510" ignored="0" failures="0" timestamp="08 Jan 2021 21:40:24 GMT" skipped="0" hostname="Durjan" errors="0">
  <testcase name="testCase5" time="0.510" classname="org.testing.TestScripts.TC05_Patch_TestCase"/>
</testsuite> <!-- org.testing.TestScripts.TC05_Patch_TestCase -->
