<?xml version="1.0" encoding="UTF-8"?>
<!-- Generated by org.testng.reporters.JUnitReportReporter -->
<testsuite name="org.testing.TestScripts.TC03_Get_WithEndpoints_TestCase" tests="1" time="1.756" ignored="0" failures="0" timestamp="08 Jan 2021 21:40:23 GMT" skipped="0" hostname="Durjan" errors="0">
  <testcase name="testCase3" time="1.756" classname="org.testing.TestScripts.TC03_Get_WithEndpoints_TestCase"/>
</testsuite> <!-- org.testing.TestScripts.TC03_Get_WithEndpoints_TestCase -->
